[debug] [2023-07-18T17:08:32.671Z] ----------------------------------------------------------------------
[debug] [2023-07-18T17:08:32.686Z] Command:       C:\Program Files\nodejs\node.exe C:\Users\ASUS\AppData\Roaming\npm\node_modules\firebase-tools\lib\bin\firebase.js init
[debug] [2023-07-18T17:08:32.687Z] CLI Version:   12.4.4
[debug] [2023-07-18T17:08:32.688Z] Platform:      win32
[debug] [2023-07-18T17:08:32.689Z] Node Version:  v20.4.0
[debug] [2023-07-18T17:08:32.689Z] Time:          Tue Jul 18 2023 22:38:32 GMT+0530 (India Standard Time)
[debug] [2023-07-18T17:08:32.689Z] ----------------------------------------------------------------------
[debug] 
[debug] [2023-07-18T17:08:32.707Z] > command requires scopes: ["email","openid","https://www.googleapis.com/auth/cloudplatformprojects.readonly","https://www.googleapis.com/auth/firebase","https://www.googleapis.com/auth/cloud-platform"]
[debug] [2023-07-18T17:08:32.708Z] > authorizing via FIREBASE_TOKEN environment variable
[warn] !  Authenticating with `FIREBASE_TOKEN` is deprecated and will be removed in a future major version of `firebase-tools`. Instead, use a service account key with `GOOGLE_APPLICATION_CREDENTIALS`: https://cloud.google.com/docs/authentication/getting-started 
[info] 
     ######## #### ########  ######## ########     ###     ######  ########
     ##        ##  ##     ## ##       ##     ##  ##   ##  ##       ##
     ######    ##  ########  ######   ########  #########  ######  ######
     ##        ##  ##    ##  ##       ##     ## ##     ##       ## ##
     ##       #### ##     ## ######## ########  ##     ##  ######  ########

You're about to initialize a Firebase project in this directory:

  D:\Flutter Projects\Intern

[info] 
=== Project Setup
[info] 
[info] First, let's associate this project directory with a Firebase project.
[info] You can create multiple project aliases by running firebase use --add, 
[info] but for now we'll just set up a default project.
[info] 
